<?xml version="1.0" encoding="UTF-8"?>
<robot generator="Robot 6.0.2 (Python 3.11.2 on win32)" generated="20230322 21:08:06.015" rpa="false" schemaversion="3">
<suite id="s1" name="Test" source="C:\Tools\Pycharm_Projects\API_Testing\Test.robot">
<test id="s1-t1" name="Get Employee" line="8">
<kw name="GET" library="REST">
<arg>employee/1001</arg>
<tag>http</tag>
<doc>*Sends a GET request to the endpoint.*</doc>
<status status="PASS" starttime="20230322 21:08:06.476" endtime="20230322 21:08:07.083"/>
</kw>
<kw name="Output" library="REST">
<arg>response</arg>
<arg>body</arg>
<tag>I/O</tag>
<doc>*Outputs JSON to terminal or a file.*</doc>
<msg timestamp="20230322 21:08:07.083" level="INFO">
{
    "seconds": 0.604303,
    "status": 200,
    "reason": "OK",
    "body": {
        "employee": "1001"
    },
    "headers": {
        "Access-Control-Allow-Origin": "*",
        "Content-Type": "application/json",
        "X-Cloud-Trace-Context": "7bd9a5022158d9c04ad3bf384e4fb076",
        "Date": "Thu, 23 Mar 2023 04:08:06 GMT",
        "Server": "Google Frontend",
        "Content-Length": "21"
    }
}</msg>
<status status="PASS" starttime="20230322 21:08:07.083" endtime="20230322 21:08:07.098"/>
</kw>
<kw name="String" library="REST">
<arg>response body employee</arg>
<arg>1001</arg>
<tag>assertions</tag>
<doc>*Asserts the field as JSON string.*</doc>
<status status="PASS" starttime="20230322 21:08:07.098" endtime="20230322 21:08:07.098"/>
</kw>
<status status="PASS" starttime="20230322 21:08:06.476" endtime="20230322 21:08:07.098"/>
</test>
<status status="PASS" starttime="20230322 21:08:06.015" endtime="20230322 21:08:07.098"/>
</suite>
<statistics>
<total>
<stat pass="1" fail="0" skip="0">All Tests</stat>
</total>
<tag>
</tag>
<suite>
<stat pass="1" fail="0" skip="0" id="s1" name="Test">Test</stat>
</suite>
</statistics>
<errors>
<msg timestamp="20230322 21:08:06.015" level="ERROR">Error in file 'C:\Tools\Pycharm_Projects\API_Testing\Test.robot' on line 4: Non-existing setting 'Set expectations'.</msg>
<msg timestamp="20230322 21:08:06.015" level="ERROR">Error in file 'C:\Tools\Pycharm_Projects\API_Testing\Test.robot' on line 5: Non-existing setting ''.</msg>
<msg timestamp="20230322 21:08:06.015" level="ERROR">Error in file 'C:\Tools\Pycharm_Projects\API_Testing\Test.robot' on line 6: Non-existing setting ''.</msg>
</errors>
</robot>
